key:  backbone.conv1.0.conv.weight
value:  torch.Size([32, 3, 3, 3])
key:  backbone.conv1.0.bn.weight
value:  torch.Size([32])
key:  backbone.conv1.0.bn.bias
value:  torch.Size([32])
key:  backbone.conv1.0.bn.running_mean
value:  torch.Size([32])
key:  backbone.conv1.0.bn.running_var
value:  torch.Size([32])
key:  backbone.conv1.0.bn.num_batches_tracked
value:  torch.Size([])
key:  backbone.conv1.1.conv.weight
value:  torch.Size([32, 32, 3, 3])
key:  backbone.conv1.1.bn.weight
value:  torch.Size([32])
key:  backbone.conv1.1.bn.bias
value:  torch.Size([32])
key:  backbone.conv1.1.bn.running_mean
value:  torch.Size([32])
key:  backbone.conv1.1.bn.running_var
value:  torch.Size([32])
key:  backbone.conv1.1.bn.num_batches_tracked
value:  torch.Size([])
key:  backbone.conv1.2.conv.weight
value:  torch.Size([64, 32, 3, 3])
key:  backbone.conv1.2.bn.weight
value:  torch.Size([64])
key:  backbone.conv1.2.bn.bias
value:  torch.Size([64])
key:  backbone.conv1.2.bn.running_mean
value:  torch.Size([64])
key:  backbone.conv1.2.bn.running_var
value:  torch.Size([64])
key:  backbone.conv1.2.bn.num_batches_tracked
value:  torch.Size([])
key:  backbone.stages.0.0.conv0.conv.weight
value:  torch.Size([64, 64, 3, 3])
key:  backbone.stages.0.0.conv0.bn.weight
value:  torch.Size([64])
key:  backbone.stages.0.0.conv0.bn.bias
value:  torch.Size([64])
key:  backbone.stages.0.0.conv0.bn.running_mean
value:  torch.Size([64])
key:  backbone.stages.0.0.conv0.bn.running_var
value:  torch.Size([64])
key:  backbone.stages.0.0.conv0.bn.num_batches_tracked
value:  torch.Size([])
key:  backbone.stages.0.0.conv1.conv.weight
value:  torch.Size([64, 64, 3, 3])
key:  backbone.stages.0.0.conv1.bn.weight
value:  torch.Size([64])
key:  backbone.stages.0.0.conv1.bn.bias
value:  torch.Size([64])
key:  backbone.stages.0.0.conv1.bn.running_mean
value:  torch.Size([64])
key:  backbone.stages.0.0.conv1.bn.running_var
value:  torch.Size([64])
key:  backbone.stages.0.0.conv1.bn.num_batches_tracked
value:  torch.Size([])
key:  backbone.stages.0.0.shortcut.conv.conv.weight
value:  torch.Size([64, 64, 1, 1])
key:  backbone.stages.0.0.shortcut.conv.bn.weight
value:  torch.Size([64])
key:  backbone.stages.0.0.shortcut.conv.bn.bias
value:  torch.Size([64])
key:  backbone.stages.0.0.shortcut.conv.bn.running_mean
value:  torch.Size([64])
key:  backbone.stages.0.0.shortcut.conv.bn.running_var
value:  torch.Size([64])
key:  backbone.stages.0.0.shortcut.conv.bn.num_batches_tracked
value:  torch.Size([])
key:  backbone.stages.0.1.conv0.conv.weight
value:  torch.Size([64, 64, 3, 3])
key:  backbone.stages.0.1.conv0.bn.weight
value:  torch.Size([64])
key:  backbone.stages.0.1.conv0.bn.bias
value:  torch.Size([64])
key:  backbone.stages.0.1.conv0.bn.running_mean
value:  torch.Size([64])
key:  backbone.stages.0.1.conv0.bn.running_var
value:  torch.Size([64])
key:  backbone.stages.0.1.conv0.bn.num_batches_tracked
value:  torch.Size([])
key:  backbone.stages.0.1.conv1.conv.weight
value:  torch.Size([64, 64, 3, 3])
key:  backbone.stages.0.1.conv1.bn.weight
value:  torch.Size([64])
key:  backbone.stages.0.1.conv1.bn.bias
value:  torch.Size([64])
key:  backbone.stages.0.1.conv1.bn.running_mean
value:  torch.Size([64])
key:  backbone.stages.0.1.conv1.bn.running_var
value:  torch.Size([64])
key:  backbone.stages.0.1.conv1.bn.num_batches_tracked
value:  torch.Size([])
key:  backbone.stages.0.2.conv0.conv.weight
value:  torch.Size([64, 64, 3, 3])
key:  backbone.stages.0.2.conv0.bn.weight
value:  torch.Size([64])
key:  backbone.stages.0.2.conv0.bn.bias
value:  torch.Size([64])
key:  backbone.stages.0.2.conv0.bn.running_mean
value:  torch.Size([64])
key:  backbone.stages.0.2.conv0.bn.running_var
value:  torch.Size([64])
key:  backbone.stages.0.2.conv0.bn.num_batches_tracked
value:  torch.Size([])
key:  backbone.stages.0.2.conv1.conv.weight
value:  torch.Size([64, 64, 3, 3])
key:  backbone.stages.0.2.conv1.bn.weight
value:  torch.Size([64])
key:  backbone.stages.0.2.conv1.bn.bias
value:  torch.Size([64])
key:  backbone.stages.0.2.conv1.bn.running_mean
value:  torch.Size([64])
key:  backbone.stages.0.2.conv1.bn.running_var
value:  torch.Size([64])
key:  backbone.stages.0.2.conv1.bn.num_batches_tracked
value:  torch.Size([])
key:  backbone.stages.1.0.conv0.conv.weight
value:  torch.Size([128, 64, 3, 3])
key:  backbone.stages.1.0.conv0.bn.weight
value:  torch.Size([128])
key:  backbone.stages.1.0.conv0.bn.bias
value:  torch.Size([128])
key:  backbone.stages.1.0.conv0.bn.running_mean
value:  torch.Size([128])
key:  backbone.stages.1.0.conv0.bn.running_var
value:  torch.Size([128])
key:  backbone.stages.1.0.conv0.bn.num_batches_tracked
value:  torch.Size([])
key:  backbone.stages.1.0.conv1.conv.weight
value:  torch.Size([128, 128, 3, 3])
key:  backbone.stages.1.0.conv1.bn.weight
value:  torch.Size([128])
key:  backbone.stages.1.0.conv1.bn.bias
value:  torch.Size([128])
key:  backbone.stages.1.0.conv1.bn.running_mean
value:  torch.Size([128])
key:  backbone.stages.1.0.conv1.bn.running_var
value:  torch.Size([128])
key:  backbone.stages.1.0.conv1.bn.num_batches_tracked
value:  torch.Size([])
key:  backbone.stages.1.0.shortcut.conv.conv.weight
value:  torch.Size([128, 64, 1, 1])
key:  backbone.stages.1.0.shortcut.conv.bn.weight
value:  torch.Size([128])
key:  backbone.stages.1.0.shortcut.conv.bn.bias
value:  torch.Size([128])
key:  backbone.stages.1.0.shortcut.conv.bn.running_mean
value:  torch.Size([128])
key:  backbone.stages.1.0.shortcut.conv.bn.running_var
value:  torch.Size([128])
key:  backbone.stages.1.0.shortcut.conv.bn.num_batches_tracked
value:  torch.Size([])
key:  backbone.stages.1.1.conv0.conv.weight
value:  torch.Size([128, 128, 3, 3])
key:  backbone.stages.1.1.conv0.bn.weight
value:  torch.Size([128])
key:  backbone.stages.1.1.conv0.bn.bias
value:  torch.Size([128])
key:  backbone.stages.1.1.conv0.bn.running_mean
value:  torch.Size([128])
key:  backbone.stages.1.1.conv0.bn.running_var
value:  torch.Size([128])
key:  backbone.stages.1.1.conv0.bn.num_batches_tracked
value:  torch.Size([])
key:  backbone.stages.1.1.conv1.conv.weight
value:  torch.Size([128, 128, 3, 3])
key:  backbone.stages.1.1.conv1.bn.weight
value:  torch.Size([128])
key:  backbone.stages.1.1.conv1.bn.bias
value:  torch.Size([128])
key:  backbone.stages.1.1.conv1.bn.running_mean
value:  torch.Size([128])
key:  backbone.stages.1.1.conv1.bn.running_var
value:  torch.Size([128])
key:  backbone.stages.1.1.conv1.bn.num_batches_tracked
value:  torch.Size([])
key:  backbone.stages.1.2.conv0.conv.weight
value:  torch.Size([128, 128, 3, 3])
key:  backbone.stages.1.2.conv0.bn.weight
value:  torch.Size([128])
key:  backbone.stages.1.2.conv0.bn.bias
value:  torch.Size([128])
key:  backbone.stages.1.2.conv0.bn.running_mean
value:  torch.Size([128])
key:  backbone.stages.1.2.conv0.bn.running_var
value:  torch.Size([128])
key:  backbone.stages.1.2.conv0.bn.num_batches_tracked
value:  torch.Size([])
key:  backbone.stages.1.2.conv1.conv.weight
value:  torch.Size([128, 128, 3, 3])
key:  backbone.stages.1.2.conv1.bn.weight
value:  torch.Size([128])
key:  backbone.stages.1.2.conv1.bn.bias
value:  torch.Size([128])
key:  backbone.stages.1.2.conv1.bn.running_mean
value:  torch.Size([128])
key:  backbone.stages.1.2.conv1.bn.running_var
value:  torch.Size([128])
key:  backbone.stages.1.2.conv1.bn.num_batches_tracked
value:  torch.Size([])
key:  backbone.stages.1.3.conv0.conv.weight
value:  torch.Size([128, 128, 3, 3])
key:  backbone.stages.1.3.conv0.bn.weight
value:  torch.Size([128])
key:  backbone.stages.1.3.conv0.bn.bias
value:  torch.Size([128])
key:  backbone.stages.1.3.conv0.bn.running_mean
value:  torch.Size([128])
key:  backbone.stages.1.3.conv0.bn.running_var
value:  torch.Size([128])
key:  backbone.stages.1.3.conv0.bn.num_batches_tracked
value:  torch.Size([])
key:  backbone.stages.1.3.conv1.conv.weight
value:  torch.Size([128, 128, 3, 3])
key:  backbone.stages.1.3.conv1.bn.weight
value:  torch.Size([128])
key:  backbone.stages.1.3.conv1.bn.bias
value:  torch.Size([128])
key:  backbone.stages.1.3.conv1.bn.running_mean
value:  torch.Size([128])
key:  backbone.stages.1.3.conv1.bn.running_var
value:  torch.Size([128])
key:  backbone.stages.1.3.conv1.bn.num_batches_tracked
value:  torch.Size([])
key:  backbone.stages.2.0.conv0.conv.weight
value:  torch.Size([256, 128, 3, 3])
key:  backbone.stages.2.0.conv0.bn.weight
value:  torch.Size([256])
key:  backbone.stages.2.0.conv0.bn.bias
value:  torch.Size([256])
key:  backbone.stages.2.0.conv0.bn.running_mean
value:  torch.Size([256])
key:  backbone.stages.2.0.conv0.bn.running_var
value:  torch.Size([256])
key:  backbone.stages.2.0.conv0.bn.num_batches_tracked
value:  torch.Size([])
key:  backbone.stages.2.0.conv1.conv.weight
value:  torch.Size([256, 256, 3, 3])
key:  backbone.stages.2.0.conv1.bn.weight
value:  torch.Size([256])
key:  backbone.stages.2.0.conv1.bn.bias
value:  torch.Size([256])
key:  backbone.stages.2.0.conv1.bn.running_mean
value:  torch.Size([256])
key:  backbone.stages.2.0.conv1.bn.running_var
value:  torch.Size([256])
key:  backbone.stages.2.0.conv1.bn.num_batches_tracked
value:  torch.Size([])
key:  backbone.stages.2.0.shortcut.conv.conv.weight
value:  torch.Size([256, 128, 1, 1])
key:  backbone.stages.2.0.shortcut.conv.bn.weight
value:  torch.Size([256])
key:  backbone.stages.2.0.shortcut.conv.bn.bias
value:  torch.Size([256])
key:  backbone.stages.2.0.shortcut.conv.bn.running_mean
value:  torch.Size([256])
key:  backbone.stages.2.0.shortcut.conv.bn.running_var
value:  torch.Size([256])
key:  backbone.stages.2.0.shortcut.conv.bn.num_batches_tracked
value:  torch.Size([])
key:  backbone.stages.2.1.conv0.conv.weight
value:  torch.Size([256, 256, 3, 3])
key:  backbone.stages.2.1.conv0.bn.weight
value:  torch.Size([256])
key:  backbone.stages.2.1.conv0.bn.bias
value:  torch.Size([256])
key:  backbone.stages.2.1.conv0.bn.running_mean
value:  torch.Size([256])
key:  backbone.stages.2.1.conv0.bn.running_var
value:  torch.Size([256])
key:  backbone.stages.2.1.conv0.bn.num_batches_tracked
value:  torch.Size([])
key:  backbone.stages.2.1.conv1.conv.weight
value:  torch.Size([256, 256, 3, 3])
key:  backbone.stages.2.1.conv1.bn.weight
value:  torch.Size([256])
key:  backbone.stages.2.1.conv1.bn.bias
value:  torch.Size([256])
key:  backbone.stages.2.1.conv1.bn.running_mean
value:  torch.Size([256])
key:  backbone.stages.2.1.conv1.bn.running_var
value:  torch.Size([256])
key:  backbone.stages.2.1.conv1.bn.num_batches_tracked
value:  torch.Size([])
key:  backbone.stages.2.2.conv0.conv.weight
value:  torch.Size([256, 256, 3, 3])
key:  backbone.stages.2.2.conv0.bn.weight
value:  torch.Size([256])
key:  backbone.stages.2.2.conv0.bn.bias
value:  torch.Size([256])
key:  backbone.stages.2.2.conv0.bn.running_mean
value:  torch.Size([256])
key:  backbone.stages.2.2.conv0.bn.running_var
value:  torch.Size([256])
key:  backbone.stages.2.2.conv0.bn.num_batches_tracked
value:  torch.Size([])
key:  backbone.stages.2.2.conv1.conv.weight
value:  torch.Size([256, 256, 3, 3])
key:  backbone.stages.2.2.conv1.bn.weight
value:  torch.Size([256])
key:  backbone.stages.2.2.conv1.bn.bias
value:  torch.Size([256])
key:  backbone.stages.2.2.conv1.bn.running_mean
value:  torch.Size([256])
key:  backbone.stages.2.2.conv1.bn.running_var
value:  torch.Size([256])
key:  backbone.stages.2.2.conv1.bn.num_batches_tracked
value:  torch.Size([])
key:  backbone.stages.2.3.conv0.conv.weight
value:  torch.Size([256, 256, 3, 3])
key:  backbone.stages.2.3.conv0.bn.weight
value:  torch.Size([256])
key:  backbone.stages.2.3.conv0.bn.bias
value:  torch.Size([256])
key:  backbone.stages.2.3.conv0.bn.running_mean
value:  torch.Size([256])
key:  backbone.stages.2.3.conv0.bn.running_var
value:  torch.Size([256])
key:  backbone.stages.2.3.conv0.bn.num_batches_tracked
value:  torch.Size([])
key:  backbone.stages.2.3.conv1.conv.weight
value:  torch.Size([256, 256, 3, 3])
key:  backbone.stages.2.3.conv1.bn.weight
value:  torch.Size([256])
key:  backbone.stages.2.3.conv1.bn.bias
value:  torch.Size([256])
key:  backbone.stages.2.3.conv1.bn.running_mean
value:  torch.Size([256])
key:  backbone.stages.2.3.conv1.bn.running_var
value:  torch.Size([256])
key:  backbone.stages.2.3.conv1.bn.num_batches_tracked
value:  torch.Size([])
key:  backbone.stages.2.4.conv0.conv.weight
value:  torch.Size([256, 256, 3, 3])
key:  backbone.stages.2.4.conv0.bn.weight
value:  torch.Size([256])
key:  backbone.stages.2.4.conv0.bn.bias
value:  torch.Size([256])
key:  backbone.stages.2.4.conv0.bn.running_mean
value:  torch.Size([256])
key:  backbone.stages.2.4.conv0.bn.running_var
value:  torch.Size([256])
key:  backbone.stages.2.4.conv0.bn.num_batches_tracked
value:  torch.Size([])
key:  backbone.stages.2.4.conv1.conv.weight
value:  torch.Size([256, 256, 3, 3])
key:  backbone.stages.2.4.conv1.bn.weight
value:  torch.Size([256])
key:  backbone.stages.2.4.conv1.bn.bias
value:  torch.Size([256])
key:  backbone.stages.2.4.conv1.bn.running_mean
value:  torch.Size([256])
key:  backbone.stages.2.4.conv1.bn.running_var
value:  torch.Size([256])
key:  backbone.stages.2.4.conv1.bn.num_batches_tracked
value:  torch.Size([])
key:  backbone.stages.2.5.conv0.conv.weight
value:  torch.Size([256, 256, 3, 3])
key:  backbone.stages.2.5.conv0.bn.weight
value:  torch.Size([256])
key:  backbone.stages.2.5.conv0.bn.bias
value:  torch.Size([256])
key:  backbone.stages.2.5.conv0.bn.running_mean
value:  torch.Size([256])
key:  backbone.stages.2.5.conv0.bn.running_var
value:  torch.Size([256])
key:  backbone.stages.2.5.conv0.bn.num_batches_tracked
value:  torch.Size([])
key:  backbone.stages.2.5.conv1.conv.weight
value:  torch.Size([256, 256, 3, 3])
key:  backbone.stages.2.5.conv1.bn.weight
value:  torch.Size([256])
key:  backbone.stages.2.5.conv1.bn.bias
value:  torch.Size([256])
key:  backbone.stages.2.5.conv1.bn.running_mean
value:  torch.Size([256])
key:  backbone.stages.2.5.conv1.bn.running_var
value:  torch.Size([256])
key:  backbone.stages.2.5.conv1.bn.num_batches_tracked
value:  torch.Size([])
key:  backbone.stages.3.0.conv0.conv.weight
value:  torch.Size([512, 256, 3, 3])
key:  backbone.stages.3.0.conv0.bn.weight
value:  torch.Size([512])
key:  backbone.stages.3.0.conv0.bn.bias
value:  torch.Size([512])
key:  backbone.stages.3.0.conv0.bn.running_mean
value:  torch.Size([512])
key:  backbone.stages.3.0.conv0.bn.running_var
value:  torch.Size([512])
key:  backbone.stages.3.0.conv0.bn.num_batches_tracked
value:  torch.Size([])
key:  backbone.stages.3.0.conv1.conv.weight
value:  torch.Size([512, 512, 3, 3])
key:  backbone.stages.3.0.conv1.bn.weight
value:  torch.Size([512])
key:  backbone.stages.3.0.conv1.bn.bias
value:  torch.Size([512])
key:  backbone.stages.3.0.conv1.bn.running_mean
value:  torch.Size([512])
key:  backbone.stages.3.0.conv1.bn.running_var
value:  torch.Size([512])
key:  backbone.stages.3.0.conv1.bn.num_batches_tracked
value:  torch.Size([])
key:  backbone.stages.3.0.shortcut.conv.conv.weight
value:  torch.Size([512, 256, 1, 1])
key:  backbone.stages.3.0.shortcut.conv.bn.weight
value:  torch.Size([512])
key:  backbone.stages.3.0.shortcut.conv.bn.bias
value:  torch.Size([512])
key:  backbone.stages.3.0.shortcut.conv.bn.running_mean
value:  torch.Size([512])
key:  backbone.stages.3.0.shortcut.conv.bn.running_var
value:  torch.Size([512])
key:  backbone.stages.3.0.shortcut.conv.bn.num_batches_tracked
value:  torch.Size([])
key:  backbone.stages.3.1.conv0.conv.weight
value:  torch.Size([512, 512, 3, 3])
key:  backbone.stages.3.1.conv0.bn.weight
value:  torch.Size([512])
key:  backbone.stages.3.1.conv0.bn.bias
value:  torch.Size([512])
key:  backbone.stages.3.1.conv0.bn.running_mean
value:  torch.Size([512])
key:  backbone.stages.3.1.conv0.bn.running_var
value:  torch.Size([512])
key:  backbone.stages.3.1.conv0.bn.num_batches_tracked
value:  torch.Size([])
key:  backbone.stages.3.1.conv1.conv.weight
value:  torch.Size([512, 512, 3, 3])
key:  backbone.stages.3.1.conv1.bn.weight
value:  torch.Size([512])
key:  backbone.stages.3.1.conv1.bn.bias
value:  torch.Size([512])
key:  backbone.stages.3.1.conv1.bn.running_mean
value:  torch.Size([512])
key:  backbone.stages.3.1.conv1.bn.running_var
value:  torch.Size([512])
key:  backbone.stages.3.1.conv1.bn.num_batches_tracked
value:  torch.Size([])
key:  backbone.stages.3.2.conv0.conv.weight
value:  torch.Size([512, 512, 3, 3])
key:  backbone.stages.3.2.conv0.bn.weight
value:  torch.Size([512])
key:  backbone.stages.3.2.conv0.bn.bias
value:  torch.Size([512])
key:  backbone.stages.3.2.conv0.bn.running_mean
value:  torch.Size([512])
key:  backbone.stages.3.2.conv0.bn.running_var
value:  torch.Size([512])
key:  backbone.stages.3.2.conv0.bn.num_batches_tracked
value:  torch.Size([])
key:  backbone.stages.3.2.conv1.conv.weight
value:  torch.Size([512, 512, 3, 3])
key:  backbone.stages.3.2.conv1.bn.weight
value:  torch.Size([512])
key:  backbone.stages.3.2.conv1.bn.bias
value:  torch.Size([512])
key:  backbone.stages.3.2.conv1.bn.running_mean
value:  torch.Size([512])
key:  backbone.stages.3.2.conv1.bn.running_var
value:  torch.Size([512])
key:  backbone.stages.3.2.conv1.bn.num_batches_tracked
value:  torch.Size([])
key:  head.lstm1.weight_ih_l0
value:  torch.Size([1024, 512])
key:  head.lstm1.weight_hh_l0
value:  torch.Size([1024, 256])
key:  head.lstm1.bias_ih_l0
value:  torch.Size([1024])
key:  head.lstm1.bias_hh_l0
value:  torch.Size([1024])
key:  head.lstm1.weight_ih_l1
value:  torch.Size([1024, 256])
key:  head.lstm1.weight_hh_l1
value:  torch.Size([1024, 256])
key:  head.lstm1.bias_ih_l1
value:  torch.Size([1024])
key:  head.lstm1.bias_hh_l1
value:  torch.Size([1024])
key:  head.lstm2.weight_ih_l0
value:  torch.Size([1024, 512])
key:  head.lstm2.weight_hh_l0
value:  torch.Size([1024, 256])
key:  head.lstm2.bias_ih_l0
value:  torch.Size([1024])
key:  head.lstm2.bias_hh_l0
value:  torch.Size([1024])
key:  head.lstm2.weight_ih_l1
value:  torch.Size([1024, 256])
key:  head.lstm2.weight_hh_l1
value:  torch.Size([1024, 256])
key:  head.lstm2.bias_ih_l1
value:  torch.Size([1024])
key:  head.lstm2.bias_hh_l1
value:  torch.Size([1024])
key:  head.fc.weight
value:  torch.Size([6625, 512])
key:  head.fc.bias
value:  torch.Size([6625])
